Turbo Assembler	 Version 2.0	    09/30/25 23:00:12	    Page 1
2.asm



      1	0000			     .model small		  ;Модель	памяти SMALL использует		    +
      2				     сегменты
      3								  ;размером не более 64Кб
      4	0000			     .stack 100h		  ;Сегмент стека размером 100h (256	байт)
      5	0000			     .data			  ;Начало	сегмента данных
      6	0000  50 6F 74 61 70 6B	69+  Info db 'Potapkina	Margarita, 251$' ;строка для вывода
      7	      6E 61 20 4D 61 72	67+
      8	      61 72 69 74 61 2C	20+
      9	      32 35 31 24
     10	0019			     .code			  ;Начало	сегмента кода
     11	0000			     start:			  ;Точка входа в программу start
     12								  ;Предопределенная метка @data		    +
     13				     обозначает
     14								  ;адрес сегмента данных в момент	    +
     15				     запуска программы,
     16	0000  B8 0000s		     mov AX, @data		  ;который сначала загрузим в AX,
     17	0003  8E D8		     mov DS,AX			  ;а затем перенесем из AX в DS
     18	0005  B4 09		     mov AH,09h
     19	0007  BA 0000r		     mov DX,offset Info
     20	000A  CD 21		     int 21h
     21	000C  B8 4C00		     mov AX,4C00h
     22	000F  CD 21		     int 21h
     23				     end start
Turbo Assembler	 Version 2.0	    09/30/25 23:00:12	    Page 2
Symbol Table




Symbol Name			  Type	 Value

??DATE				  Text	 "09/30/25"
??FILENAME			  Text	 "2	  "
??TIME				  Text	 "23:00:12"
??VERSION			  Number 0200
@CODE				  Text	 _TEXT
@CODESIZE			  Text	 0
@CPU				  Text	 0101H
@CURSEG				  Text	 _TEXT
@DATA				  Text	 DGROUP
@DATASIZE			  Text	 0
@FILENAME			  Text	 2
@MODEL				  Text	 2
@WORDSIZE			  Text	 2
INFO				  Byte	 DGROUP:0000
START				  Near	 _TEXT:0000

Groups & Segments		  Bit Size Align  Combine Class

DGROUP				  Group
  STACK				  16  0100 Para	  Stack	  STACK
  _DATA				  16  0019 Word	  Public  DATA
_TEXT				  16  0011 Word	  Public  CODE
